34.0625
34.0625
33.9375
33.9375
33.9375
33.9375
34.0625
34.0625
34.25
34.5
34.75
34.9375
35.3125
35.8125
36.1875
36.6875
37.1875
38.0
38.625
39.4375
40.25
41.0625
42.0625
43.0625
44.0
45.0
46.0
47.3125
48.4375
49.5
50.625
52.0625
53.25
54.375
55.5
56.75
58.3125
59.5
60.8125
62.0
63.3125
64.875
66.125
67.4375
68.75
70.3125
71.625
72.875
74.0625
75.3125
76.875
78.0
79.1875
80.375
81.5
83.0
84.0625
85.125
86.3125
87.375
88.75
89.8125
90.9375
92.0
93.375
94.4375
95.5625
96.8125
97.875
99.375
100.4375
101.5625
102.8125
103.8125
105.3125
106.5
107.75
108.75
110.0625
111.1875
112.375
113.4375
114.5625
116.0
117.1875
118.375
119.3125
120.375
121.625
122.6875
123.8125
124.75
126.0
126.9375
127.9375
129.0625
130.0
131.125
131.875
132.8125
133.625
134.5625
135.6875
136.4375
137.3125
138.0625
138.9375
139.625
140.4375
141.0625
141.75
142.5625
143.1875
143.8125
144.625
145.1875
146.25
147.0625
147.875
148.5625
149.125
149.875
150.375
151.0625
151.75
152.375
153.0625
153.625
154.375
154.9375
155.5
156.1875
156.75
157.1875
157.9375
158.625
159.125
159.6875
160.375
161.125
161.5625
162.0625
162.4375
162.9375
163.5
164.125
164.6875
165.125
165.375
165.9375
166.1875
166.5625
166.9375
167.5
167.8125
168.1875
168.625
169.0
169.5
169.8125
170.25
170.6875
171.25
171.875
172.3125
172.5625
172.9375
173.25
173.625
174.1875
174.75
175.1875
175.9375
176.25
176.625
177.125
177.375
177.8125
178.0625
178.3125
178.625
179.0625
179.375
179.5625
179.75
180.0
180.5
180.8125
181.0
181.3125
181.8125
182.375
182.75
182.875
183.125
183.375
183.5625
183.875
184.25
184.5
184.9375
185.125
185.375
185.5625
185.625
185.9375
186.125
186.375
186.6875
186.75
186.8125
187.0625
187.1875
187.5625
187.9375
188.25
188.5
188.8125
189.1875
189.4375
189.75
190.0
190.1875
190.4375
190.75
191.0
191.125
191.375
191.9375
192.1875
192.5
192.625
192.75
193.0625
193.3125
193.5625
193.8125
193.875
194.125
194.3125
194.75
195.0
195.125
195.375
195.875
196.1875
196.5625
196.6875
196.875
197.0
197.0625
197.3125
197.6875
198.0
198.25
198.375
198.6875
198.875
199.0
199.1875
199.4375
199.875
200.0625
200.1875
200.3125
200.5
200.75
200.75
200.875
201.0625
201.25
201.375
201.5
201.5
201.6875
201.8125
201.875
202.125
202.125
202.3125
202.5
202.75
202.75
202.9375
203.125
203.125
203.0625
203.0625
203.1875
203.375
203.5625
203.5625
203.5625
203.625
203.8125
204.0625
204.3125
204.625
204.8125
205.0625
